<?xml version="1.0" encoding="UTF-8"?>
<testng-results ignored="0" total="1" passed="1" failed="0" skipped="0">
  <reporter-output>
  </reporter-output>
  <suite started-at="2022-03-23T14:33:27 IST" name="Default suite" finished-at="2022-03-23T14:33:40 IST" duration-ms="12665">
    <groups>
    </groups>
    <test started-at="2022-03-23T14:33:27 IST" name="Default test" finished-at="2022-03-23T14:33:40 IST" duration-ms="12665">
      <class name="com.crm.testfiles.LoginLogoutOfVtiger">
        <test-method signature="credentials()[pri:0, instance:com.crm.testfiles.LoginLogoutOfVtiger@34f5090e]" started-at="2022-03-23T14:33:27 IST" name="credentials" finished-at="2022-03-23T14:33:40 IST" duration-ms="12582" status="PASS">
          <reporter-output>
          </reporter-output>
        </test-method> <!-- credentials -->
      </class> <!-- com.crm.testfiles.LoginLogoutOfVtiger -->
    </test> <!-- Default test -->
  </suite> <!-- Default suite -->
</testng-results>
